Command: /home/users/psmriti/cs217/solution-lab-4-project-base/hls/Top/./Catapult/Top.v1/scverify/concat_sim_Top_v_vcs/sc_mainpwr -systemcrun -verilogrun -cm assert -ucli -ucli2Proc -i ./Catapult/Top.v1/scverify/concat_sim_Top_v_vcs/scverify_vcs_wave.tcl -l ./Catapult/Top.v1/scverify/concat_sim_Top_v_vcs/sim.log
Chronologic VCS simulator copyright 1991-2023
Contains Synopsys proprietary information.
Compiler version U-2023.03_Full64; Runtime version U-2023.03_Full64;  Feb 23 13:45 2026
Connections Clock: tb.clk Period: 1 ns
ucli% # Source static function file
ucli% global env
ucli% # Source the common TCL file (that also reads the wave database file)
ucli% source $env(MGC_HOME)/pkgs/sif/userware/En_na/flows/vcs_funcs.tcl
ucli% read_ccs_wave ./Catapult/Top.v1/scverify/ccs_wave_signals.dat
Reading SCVerify waveform database './Catapult/Top.v1/scverify/ccs_wave_signals.dat'
ucli% setup_vcd_file ./Catapult/Top.v1/.dut_inst_info.tcl
DUT Instance Path = sc_main.tb.dut.ccs_rtl.dut_inst
Preparing to write FSDB file ./default.fsdb...
ucli% populate_wave_window
ucli% if { ("0" != {}) && [file exists "0"] } {
   source "0"
}
ucli% # If not running in GUI mode, run the entire simulation
ucli% if { ![gui_is_active] } {
   do_simulation_run
}
Running up to VCD start time: '0 ns'
run 0 ns
sysc_skeleton.v, 391 : (*vcs_systemc_2,vcs_systemc_skel*) module sc_main;
Turning FSDB on
*Verdi* Loading libsscore_vcs202303.so
*Verdi* : Loading SystemC dumping library libsscore_vcs202303_sc233_gcc920.so.
*Verdi* : Env. FSDB_VCS_RD_SC_VALPTR_PROTECT=1(1) was set.
FSDB Dumper for VCS, Release Verdi_V-2023.12-SP2-4, Linux x86_64/64bit, 11/18/2024
(C) 1996 - 2024 by Synopsys, Inc.
*Verdi* : Create FSDB file './default.fsdb'
*Verdi* : Begin traversing the scopes, layer (0).
*Verdi* : End of traversing.
fsdbDumpvars 0 sc_main.tb.dut.ccs_rtl.dut_inst
*Verdi* : Begin traversing the scope (sc_main.tb.dut.ccs_rtl.dut_inst), layer (0).
*Verdi* : End of traversing.
*Verdi* : fsdbDumpon - All FSDB files at 0 ps.
Continuing to VCD end time: 'end'
run -all
@2 ns Asserting reset
@4 ns De-Asserting reset
287 ns - Interrupt signal issued!
288 ns - Interrupt signal issued!
289 ns - Interrupt signal issued!
290 ns - Interrupt signal issued!
291 ns - Interrupt signal issued!
292 ns - Interrupt signal issued!
293 ns - Interrupt signal issued!
294 ns - Interrupt signal issued!
295 ns - Interrupt signal issued!
296 ns - Interrupt signal issued!
317 ns - Interrupt signal issued!
318 ns - Interrupt signal issued!
319 ns - Interrupt signal issued!
320 ns - Interrupt signal issued!
321 ns - Interrupt signal issued!
322 ns - Interrupt signal issued!
323 ns - Interrupt signal issued!
324 ns - Interrupt signal issued!
325 ns - Interrupt signal issued!
326 ns - Interrupt signal issued!
389 ns Manager has finished issuing AXI Writes
TESTBENCH PASS
"concat_sim_Top.v", 13223: sc_main.tb.dut.ccs_rtl.dut_inst.PEPartition_1.pemodule_inst.act_inst.ActUnit_ActUnitRun_inst.ActUnit_ActUnitRun_mem_array_h_ln146_assert_bank_sel_lt_NumBanks_and_bankindexoutofbounds: Antecedent of the implication never satisfied.
"concat_sim_Top.v", 13229: sc_main.tb.dut.ccs_rtl.dut_inst.PEPartition_1.pemodule_inst.act_inst.ActUnit_ActUnitRun_inst.ActUnit_ActUnitRun_mem_array_h_ln147_assert_idx_lt_NumEntriesPerBank_and_localindexoutofbounds: Antecedent of the implication never satisfied.
"concat_sim_Top.v", 13234: sc_main.tb.dut.ccs_rtl.dut_inst.PEPartition_1.pemodule_inst.act_inst.ActUnit_ActUnitRun_inst.ActUnit_ActUnitRun_ArbitratedScratchpadDP_h_ln196_assert_bankread_req_validOS_bank_CS_eq_false_and_Bankreadandwritevalidcannotbetruesimultaneouslyforsingle_m_portRAM: Antecedent of the implication never satisfied.
"concat_sim_Top.v", 13240: sc_main.tb.dut.ccs_rtl.dut_inst.PEPartition_1.pemodule_inst.act_inst.ActUnit_ActUnitRun_inst.ActUnit_ActUnitRun_mem_array_h_ln126_assert_bank_sel_lt_NumBanks_and_bankindexoutofbounds: Antecedent of the implication never satisfied.
"concat_sim_Top.v", 13245: sc_main.tb.dut.ccs_rtl.dut_inst.PEPartition_1.pemodule_inst.act_inst.ActUnit_ActUnitRun_inst.ActUnit_ActUnitRun_mem_array_h_ln127_assert_idx_lt_NumEntriesPerBank_and_localindexoutofbounds: Antecedent of the implication never satisfied.
"concat_sim_Top.v", 91986: sc_main.tb.dut.ccs_rtl.dut_inst.PEPartition_1.pemodule_inst.pecore_inst.PECore_PECoreRun_inst.weight_mem_banks_load_store_for_1_PECore_PECoreRun_mem_array_h_ln126_assert_bank_sel_lt_NumBanks_and_bankindexoutofbounds: Antecedent of the implication never satisfied.
"concat_sim_Top.v", 91991: sc_main.tb.dut.ccs_rtl.dut_inst.PEPartition_1.pemodule_inst.pecore_inst.PECore_PECoreRun_inst.weight_mem_banks_load_store_for_1_PECore_PECoreRun_mem_array_h_ln127_assert_idx_lt_NumEntriesPerBank_and_localindexoutofbounds: Antecedent of the implication never satisfied.
"concat_sim_Top.v", 92013: sc_main.tb.dut.ccs_rtl.dut_inst.PEPartition_1.pemodule_inst.pecore_inst.PECore_PECoreRun_inst.weight_mem_banks_load_store_for_2_PECore_PECoreRun_mem_array_h_ln126_assert_bank_sel_lt_NumBanks_and_bankindexoutofbounds: Antecedent of the implication never satisfied.
"concat_sim_Top.v", 92018: sc_main.tb.dut.ccs_rtl.dut_inst.PEPartition_1.pemodule_inst.pecore_inst.PECore_PECoreRun_inst.weight_mem_banks_load_store_for_2_PECore_PECoreRun_mem_array_h_ln127_assert_idx_lt_NumEntriesPerBank_and_localindexoutofbounds: Antecedent of the implication never satisfied.
"concat_sim_Top.v", 92040: sc_main.tb.dut.ccs_rtl.dut_inst.PEPartition_1.pemodule_inst.pecore_inst.PECore_PECoreRun_inst.weight_mem_banks_load_store_for_3_PECore_PECoreRun_mem_array_h_ln126_assert_bank_sel_lt_NumBanks_and_bankindexoutofbounds: Antecedent of the implication never satisfied.
"concat_sim_Top.v", 92045: sc_main.tb.dut.ccs_rtl.dut_inst.PEPartition_1.pemodule_inst.pecore_inst.PECore_PECoreRun_inst.weight_mem_banks_load_store_for_3_PECore_PECoreRun_mem_array_h_ln127_assert_idx_lt_NumEntriesPerBank_and_localindexoutofbounds: Antecedent of the implication never satisfied.
"concat_sim_Top.v", 92067: sc_main.tb.dut.ccs_rtl.dut_inst.PEPartition_1.pemodule_inst.pecore_inst.PECore_PECoreRun_inst.weight_mem_banks_load_store_for_4_PECore_PECoreRun_mem_array_h_ln126_assert_bank_sel_lt_NumBanks_and_bankindexoutofbounds: Antecedent of the implication never satisfied.
"concat_sim_Top.v", 92072: sc_main.tb.dut.ccs_rtl.dut_inst.PEPartition_1.pemodule_inst.pecore_inst.PECore_PECoreRun_inst.weight_mem_banks_load_store_for_4_PECore_PECoreRun_mem_array_h_ln127_assert_idx_lt_NumEntriesPerBank_and_localindexoutofbounds: Antecedent of the implication never satisfied.
"concat_sim_Top.v", 92094: sc_main.tb.dut.ccs_rtl.dut_inst.PEPartition_1.pemodule_inst.pecore_inst.PECore_PECoreRun_inst.weight_mem_banks_load_store_for_5_PECore_PECoreRun_mem_array_h_ln126_assert_bank_sel_lt_NumBanks_and_bankindexoutofbounds: Antecedent of the implication never satisfied.
"concat_sim_Top.v", 92099: sc_main.tb.dut.ccs_rtl.dut_inst.PEPartition_1.pemodule_inst.pecore_inst.PECore_PECoreRun_inst.weight_mem_banks_load_store_for_5_PECore_PECoreRun_mem_array_h_ln127_assert_idx_lt_NumEntriesPerBank_and_localindexoutofbounds: Antecedent of the implication never satisfied.
"concat_sim_Top.v", 92121: sc_main.tb.dut.ccs_rtl.dut_inst.PEPartition_1.pemodule_inst.pecore_inst.PECore_PECoreRun_inst.weight_mem_banks_load_store_for_6_PECore_PECoreRun_mem_array_h_ln126_assert_bank_sel_lt_NumBanks_and_bankindexoutofbounds: Antecedent of the implication never satisfied.
"concat_sim_Top.v", 92126: sc_main.tb.dut.ccs_rtl.dut_inst.PEPartition_1.pemodule_inst.pecore_inst.PECore_PECoreRun_inst.weight_mem_banks_load_store_for_6_PECore_PECoreRun_mem_array_h_ln127_assert_idx_lt_NumEntriesPerBank_and_localindexoutofbounds: Antecedent of the implication never satisfied.
"concat_sim_Top.v", 92148: sc_main.tb.dut.ccs_rtl.dut_inst.PEPartition_1.pemodule_inst.pecore_inst.PECore_PECoreRun_inst.weight_mem_banks_load_store_for_7_PECore_PECoreRun_mem_array_h_ln126_assert_bank_sel_lt_NumBanks_and_bankindexoutofbounds: Antecedent of the implication never satisfied.
"concat_sim_Top.v", 92153: sc_main.tb.dut.ccs_rtl.dut_inst.PEPartition_1.pemodule_inst.pecore_inst.PECore_PECoreRun_inst.weight_mem_banks_load_store_for_7_PECore_PECoreRun_mem_array_h_ln127_assert_idx_lt_NumEntriesPerBank_and_localindexoutofbounds: Antecedent of the implication never satisfied.
"concat_sim_Top.v", 92175: sc_main.tb.dut.ccs_rtl.dut_inst.PEPartition_1.pemodule_inst.pecore_inst.PECore_PECoreRun_inst.weight_mem_banks_load_store_for_8_PECore_PECoreRun_mem_array_h_ln126_assert_bank_sel_lt_NumBanks_and_bankindexoutofbounds: Antecedent of the implication never satisfied.
"concat_sim_Top.v", 92180: sc_main.tb.dut.ccs_rtl.dut_inst.PEPartition_1.pemodule_inst.pecore_inst.PECore_PECoreRun_inst.weight_mem_banks_load_store_for_8_PECore_PECoreRun_mem_array_h_ln127_assert_idx_lt_NumEntriesPerBank_and_localindexoutofbounds: Antecedent of the implication never satisfied.
"concat_sim_Top.v", 92202: sc_main.tb.dut.ccs_rtl.dut_inst.PEPartition_1.pemodule_inst.pecore_inst.PECore_PECoreRun_inst.weight_mem_banks_load_store_for_9_PECore_PECoreRun_mem_array_h_ln126_assert_bank_sel_lt_NumBanks_and_bankindexoutofbounds: Antecedent of the implication never satisfied.
"concat_sim_Top.v", 92207: sc_main.tb.dut.ccs_rtl.dut_inst.PEPartition_1.pemodule_inst.pecore_inst.PECore_PECoreRun_inst.weight_mem_banks_load_store_for_9_PECore_PECoreRun_mem_array_h_ln127_assert_idx_lt_NumEntriesPerBank_and_localindexoutofbounds: Antecedent of the implication never satisfied.
"concat_sim_Top.v", 92229: sc_main.tb.dut.ccs_rtl.dut_inst.PEPartition_1.pemodule_inst.pecore_inst.PECore_PECoreRun_inst.weight_mem_banks_load_store_for_10_PECore_PECoreRun_mem_array_h_ln126_assert_bank_sel_lt_NumBanks_and_bankindexoutofbounds: Antecedent of the implication never satisfied.
"concat_sim_Top.v", 92234: sc_main.tb.dut.ccs_rtl.dut_inst.PEPartition_1.pemodule_inst.pecore_inst.PECore_PECoreRun_inst.weight_mem_banks_load_store_for_10_PECore_PECoreRun_mem_array_h_ln127_assert_idx_lt_NumEntriesPerBank_and_localindexoutofbounds: Antecedent of the implication never satisfied.
"concat_sim_Top.v", 92256: sc_main.tb.dut.ccs_rtl.dut_inst.PEPartition_1.pemodule_inst.pecore_inst.PECore_PECoreRun_inst.weight_mem_banks_load_store_for_11_PECore_PECoreRun_mem_array_h_ln126_assert_bank_sel_lt_NumBanks_and_bankindexoutofbounds: Antecedent of the implication never satisfied.
"concat_sim_Top.v", 92261: sc_main.tb.dut.ccs_rtl.dut_inst.PEPartition_1.pemodule_inst.pecore_inst.PECore_PECoreRun_inst.weight_mem_banks_load_store_for_11_PECore_PECoreRun_mem_array_h_ln127_assert_idx_lt_NumEntriesPerBank_and_localindexoutofbounds: Antecedent of the implication never satisfied.
"concat_sim_Top.v", 92283: sc_main.tb.dut.ccs_rtl.dut_inst.PEPartition_1.pemodule_inst.pecore_inst.PECore_PECoreRun_inst.weight_mem_banks_load_store_for_12_PECore_PECoreRun_mem_array_h_ln126_assert_bank_sel_lt_NumBanks_and_bankindexoutofbounds: Antecedent of the implication never satisfied.
"concat_sim_Top.v", 92288: sc_main.tb.dut.ccs_rtl.dut_inst.PEPartition_1.pemodule_inst.pecore_inst.PECore_PECoreRun_inst.weight_mem_banks_load_store_for_12_PECore_PECoreRun_mem_array_h_ln127_assert_idx_lt_NumEntriesPerBank_and_localindexoutofbounds: Antecedent of the implication never satisfied.
"concat_sim_Top.v", 92310: sc_main.tb.dut.ccs_rtl.dut_inst.PEPartition_1.pemodule_inst.pecore_inst.PECore_PECoreRun_inst.weight_mem_banks_load_store_for_13_PECore_PECoreRun_mem_array_h_ln126_assert_bank_sel_lt_NumBanks_and_bankindexoutofbounds: Antecedent of the implication never satisfied.
"concat_sim_Top.v", 92315: sc_main.tb.dut.ccs_rtl.dut_inst.PEPartition_1.pemodule_inst.pecore_inst.PECore_PECoreRun_inst.weight_mem_banks_load_store_for_13_PECore_PECoreRun_mem_array_h_ln127_assert_idx_lt_NumEntriesPerBank_and_localindexoutofbounds: Antecedent of the implication never satisfied.
"concat_sim_Top.v", 92337: sc_main.tb.dut.ccs_rtl.dut_inst.PEPartition_1.pemodule_inst.pecore_inst.PECore_PECoreRun_inst.weight_mem_banks_load_store_for_14_PECore_PECoreRun_mem_array_h_ln126_assert_bank_sel_lt_NumBanks_and_bankindexoutofbounds: Antecedent of the implication never satisfied.
"concat_sim_Top.v", 92342: sc_main.tb.dut.ccs_rtl.dut_inst.PEPartition_1.pemodule_inst.pecore_inst.PECore_PECoreRun_inst.weight_mem_banks_load_store_for_14_PECore_PECoreRun_mem_array_h_ln127_assert_idx_lt_NumEntriesPerBank_and_localindexoutofbounds: Antecedent of the implication never satisfied.
"concat_sim_Top.v", 92364: sc_main.tb.dut.ccs_rtl.dut_inst.PEPartition_1.pemodule_inst.pecore_inst.PECore_PECoreRun_inst.weight_mem_banks_load_store_for_15_PECore_PECoreRun_mem_array_h_ln126_assert_bank_sel_lt_NumBanks_and_bankindexoutofbounds: Antecedent of the implication never satisfied.
"concat_sim_Top.v", 92369: sc_main.tb.dut.ccs_rtl.dut_inst.PEPartition_1.pemodule_inst.pecore_inst.PECore_PECoreRun_inst.weight_mem_banks_load_store_for_15_PECore_PECoreRun_mem_array_h_ln127_assert_idx_lt_NumEntriesPerBank_and_localindexoutofbounds: Antecedent of the implication never satisfied.
"concat_sim_Top.v", 92391: sc_main.tb.dut.ccs_rtl.dut_inst.PEPartition_1.pemodule_inst.pecore_inst.PECore_PECoreRun_inst.weight_mem_banks_load_store_for_16_PECore_PECoreRun_mem_array_h_ln126_assert_bank_sel_lt_NumBanks_and_bankindexoutofbounds: Antecedent of the implication never satisfied.
"concat_sim_Top.v", 92396: sc_main.tb.dut.ccs_rtl.dut_inst.PEPartition_1.pemodule_inst.pecore_inst.PECore_PECoreRun_inst.weight_mem_banks_load_store_for_16_PECore_PECoreRun_mem_array_h_ln127_assert_idx_lt_NumEntriesPerBank_and_localindexoutofbounds: Antecedent of the implication never satisfied.
"concat_sim_Top.v", 92428: sc_main.tb.dut.ccs_rtl.dut_inst.PEPartition_1.pemodule_inst.pecore_inst.PECore_PECoreRun_inst.PECore_PECoreRun_mem_array_h_ln146_assert_bank_sel_lt_NumBanks_and_bankindexoutofbounds_1: Antecedent of the implication never satisfied.
"concat_sim_Top.v", 92434: sc_main.tb.dut.ccs_rtl.dut_inst.PEPartition_1.pemodule_inst.pecore_inst.PECore_PECoreRun_inst.PECore_PECoreRun_mem_array_h_ln147_assert_idx_lt_NumEntriesPerBank_and_localindexoutofbounds_1: Antecedent of the implication never satisfied.
"concat_sim_Top.v", 92439: sc_main.tb.dut.ccs_rtl.dut_inst.PEPartition_1.pemodule_inst.pecore_inst.PECore_PECoreRun_inst.PECore_PECoreRun_ArbitratedScratchpadDP_h_ln196_assert_bankread_req_validOS_bank_CS_eq_false_and_Bankreadandwritevalidcannotbetruesimultaneouslyforsingle_m_portRAM_1: Antecedent of the implication never satisfied.
"concat_sim_Top.v", 182829: sc_main.tb.dut.ccs_rtl.dut_inst.gb_inst.gbmodule_inst.gbcore_inst.GBCore_GBCoreRun_inst.large_mem_banks_load_store_for_3_GBCore_GBCoreRun_mem_array_h_ln146_assert_bank_sel_lt_NumBanks_and_bankindexoutofbounds: Antecedent of the implication never satisfied.
"concat_sim_Top.v", 182835: sc_main.tb.dut.ccs_rtl.dut_inst.gb_inst.gbmodule_inst.gbcore_inst.GBCore_GBCoreRun_inst.large_mem_banks_load_store_for_3_GBCore_GBCoreRun_mem_array_h_ln147_assert_idx_lt_NumEntriesPerBank_and_localindexoutofbounds: Antecedent of the implication never satisfied.
"concat_sim_Top.v", 182840: sc_main.tb.dut.ccs_rtl.dut_inst.gb_inst.gbmodule_inst.gbcore_inst.GBCore_GBCoreRun_inst.large_mem_banks_load_store_for_3_GBCore_GBCoreRun_ArbitratedScratchpadDP_h_ln196_assert_bankread_req_validOS_bank_CS_eq_false_and_Bankreadandwritevalidcannotbetruesimultaneouslyforsingle_m_portRAM: Antecedent of the implication never satisfied.
"concat_sim_Top.v", 182846: sc_main.tb.dut.ccs_rtl.dut_inst.gb_inst.gbmodule_inst.gbcore_inst.GBCore_GBCoreRun_inst.large_mem_banks_load_store_for_3_GBCore_GBCoreRun_mem_array_h_ln126_assert_bank_sel_lt_NumBanks_and_bankindexoutofbounds: Antecedent of the implication never satisfied.
"concat_sim_Top.v", 182851: sc_main.tb.dut.ccs_rtl.dut_inst.gb_inst.gbmodule_inst.gbcore_inst.GBCore_GBCoreRun_inst.large_mem_banks_load_store_for_3_GBCore_GBCoreRun_mem_array_h_ln127_assert_idx_lt_NumEntriesPerBank_and_localindexoutofbounds: Antecedent of the implication never satisfied.
"concat_sim_Top.v", 182856: sc_main.tb.dut.ccs_rtl.dut_inst.gb_inst.gbmodule_inst.gbcore_inst.GBCore_GBCoreRun_inst.large_mem_banks_load_store_for_4_GBCore_GBCoreRun_mem_array_h_ln146_assert_bank_sel_lt_NumBanks_and_bankindexoutofbounds: Antecedent of the implication never satisfied.
"concat_sim_Top.v", 182862: sc_main.tb.dut.ccs_rtl.dut_inst.gb_inst.gbmodule_inst.gbcore_inst.GBCore_GBCoreRun_inst.large_mem_banks_load_store_for_4_GBCore_GBCoreRun_mem_array_h_ln147_assert_idx_lt_NumEntriesPerBank_and_localindexoutofbounds: Antecedent of the implication never satisfied.
"concat_sim_Top.v", 182867: sc_main.tb.dut.ccs_rtl.dut_inst.gb_inst.gbmodule_inst.gbcore_inst.GBCore_GBCoreRun_inst.large_mem_banks_load_store_for_4_GBCore_GBCoreRun_ArbitratedScratchpadDP_h_ln196_assert_bankread_req_validOS_bank_CS_eq_false_and_Bankreadandwritevalidcannotbetruesimultaneouslyforsingle_m_portRAM: Antecedent of the implication never satisfied.
"concat_sim_Top.v", 182873: sc_main.tb.dut.ccs_rtl.dut_inst.gb_inst.gbmodule_inst.gbcore_inst.GBCore_GBCoreRun_inst.large_mem_banks_load_store_for_4_GBCore_GBCoreRun_mem_array_h_ln126_assert_bank_sel_lt_NumBanks_and_bankindexoutofbounds: Antecedent of the implication never satisfied.
"concat_sim_Top.v", 182878: sc_main.tb.dut.ccs_rtl.dut_inst.gb_inst.gbmodule_inst.gbcore_inst.GBCore_GBCoreRun_inst.large_mem_banks_load_store_for_4_GBCore_GBCoreRun_mem_array_h_ln127_assert_idx_lt_NumEntriesPerBank_and_localindexoutofbounds: Antecedent of the implication never satisfied.
"concat_sim_Top.v", 182883: sc_main.tb.dut.ccs_rtl.dut_inst.gb_inst.gbmodule_inst.gbcore_inst.GBCore_GBCoreRun_inst.large_mem_banks_load_store_for_5_GBCore_GBCoreRun_mem_array_h_ln146_assert_bank_sel_lt_NumBanks_and_bankindexoutofbounds: Antecedent of the implication never satisfied.
"concat_sim_Top.v", 182889: sc_main.tb.dut.ccs_rtl.dut_inst.gb_inst.gbmodule_inst.gbcore_inst.GBCore_GBCoreRun_inst.large_mem_banks_load_store_for_5_GBCore_GBCoreRun_mem_array_h_ln147_assert_idx_lt_NumEntriesPerBank_and_localindexoutofbounds: Antecedent of the implication never satisfied.
"concat_sim_Top.v", 182894: sc_main.tb.dut.ccs_rtl.dut_inst.gb_inst.gbmodule_inst.gbcore_inst.GBCore_GBCoreRun_inst.large_mem_banks_load_store_for_5_GBCore_GBCoreRun_ArbitratedScratchpadDP_h_ln196_assert_bankread_req_validOS_bank_CS_eq_false_and_Bankreadandwritevalidcannotbetruesimultaneouslyforsingle_m_portRAM: Antecedent of the implication never satisfied.
"concat_sim_Top.v", 182900: sc_main.tb.dut.ccs_rtl.dut_inst.gb_inst.gbmodule_inst.gbcore_inst.GBCore_GBCoreRun_inst.large_mem_banks_load_store_for_5_GBCore_GBCoreRun_mem_array_h_ln126_assert_bank_sel_lt_NumBanks_and_bankindexoutofbounds: Antecedent of the implication never satisfied.
"concat_sim_Top.v", 182905: sc_main.tb.dut.ccs_rtl.dut_inst.gb_inst.gbmodule_inst.gbcore_inst.GBCore_GBCoreRun_inst.large_mem_banks_load_store_for_5_GBCore_GBCoreRun_mem_array_h_ln127_assert_idx_lt_NumEntriesPerBank_and_localindexoutofbounds: Antecedent of the implication never satisfied.
"concat_sim_Top.v", 182910: sc_main.tb.dut.ccs_rtl.dut_inst.gb_inst.gbmodule_inst.gbcore_inst.GBCore_GBCoreRun_inst.large_mem_banks_load_store_for_6_GBCore_GBCoreRun_mem_array_h_ln146_assert_bank_sel_lt_NumBanks_and_bankindexoutofbounds: Antecedent of the implication never satisfied.
"concat_sim_Top.v", 182916: sc_main.tb.dut.ccs_rtl.dut_inst.gb_inst.gbmodule_inst.gbcore_inst.GBCore_GBCoreRun_inst.large_mem_banks_load_store_for_6_GBCore_GBCoreRun_mem_array_h_ln147_assert_idx_lt_NumEntriesPerBank_and_localindexoutofbounds: Antecedent of the implication never satisfied.
"concat_sim_Top.v", 182921: sc_main.tb.dut.ccs_rtl.dut_inst.gb_inst.gbmodule_inst.gbcore_inst.GBCore_GBCoreRun_inst.large_mem_banks_load_store_for_6_GBCore_GBCoreRun_ArbitratedScratchpadDP_h_ln196_assert_bankread_req_validOS_bank_CS_eq_false_and_Bankreadandwritevalidcannotbetruesimultaneouslyforsingle_m_portRAM: Antecedent of the implication never satisfied.
"concat_sim_Top.v", 182927: sc_main.tb.dut.ccs_rtl.dut_inst.gb_inst.gbmodule_inst.gbcore_inst.GBCore_GBCoreRun_inst.large_mem_banks_load_store_for_6_GBCore_GBCoreRun_mem_array_h_ln126_assert_bank_sel_lt_NumBanks_and_bankindexoutofbounds: Antecedent of the implication never satisfied.
"concat_sim_Top.v", 182932: sc_main.tb.dut.ccs_rtl.dut_inst.gb_inst.gbmodule_inst.gbcore_inst.GBCore_GBCoreRun_inst.large_mem_banks_load_store_for_6_GBCore_GBCoreRun_mem_array_h_ln127_assert_idx_lt_NumEntriesPerBank_and_localindexoutofbounds: Antecedent of the implication never satisfied.
"concat_sim_Top.v", 182937: sc_main.tb.dut.ccs_rtl.dut_inst.gb_inst.gbmodule_inst.gbcore_inst.GBCore_GBCoreRun_inst.large_mem_banks_load_store_for_7_GBCore_GBCoreRun_mem_array_h_ln146_assert_bank_sel_lt_NumBanks_and_bankindexoutofbounds: Antecedent of the implication never satisfied.
"concat_sim_Top.v", 182943: sc_main.tb.dut.ccs_rtl.dut_inst.gb_inst.gbmodule_inst.gbcore_inst.GBCore_GBCoreRun_inst.large_mem_banks_load_store_for_7_GBCore_GBCoreRun_mem_array_h_ln147_assert_idx_lt_NumEntriesPerBank_and_localindexoutofbounds: Antecedent of the implication never satisfied.
"concat_sim_Top.v", 182948: sc_main.tb.dut.ccs_rtl.dut_inst.gb_inst.gbmodule_inst.gbcore_inst.GBCore_GBCoreRun_inst.large_mem_banks_load_store_for_7_GBCore_GBCoreRun_ArbitratedScratchpadDP_h_ln196_assert_bankread_req_validOS_bank_CS_eq_false_and_Bankreadandwritevalidcannotbetruesimultaneouslyforsingle_m_portRAM: Antecedent of the implication never satisfied.
"concat_sim_Top.v", 182954: sc_main.tb.dut.ccs_rtl.dut_inst.gb_inst.gbmodule_inst.gbcore_inst.GBCore_GBCoreRun_inst.large_mem_banks_load_store_for_7_GBCore_GBCoreRun_mem_array_h_ln126_assert_bank_sel_lt_NumBanks_and_bankindexoutofbounds: Antecedent of the implication never satisfied.
"concat_sim_Top.v", 182959: sc_main.tb.dut.ccs_rtl.dut_inst.gb_inst.gbmodule_inst.gbcore_inst.GBCore_GBCoreRun_inst.large_mem_banks_load_store_for_7_GBCore_GBCoreRun_mem_array_h_ln127_assert_idx_lt_NumEntriesPerBank_and_localindexoutofbounds: Antecedent of the implication never satisfied.
"concat_sim_Top.v", 182964: sc_main.tb.dut.ccs_rtl.dut_inst.gb_inst.gbmodule_inst.gbcore_inst.GBCore_GBCoreRun_inst.large_mem_banks_load_store_for_8_GBCore_GBCoreRun_mem_array_h_ln146_assert_bank_sel_lt_NumBanks_and_bankindexoutofbounds: Antecedent of the implication never satisfied.
"concat_sim_Top.v", 182970: sc_main.tb.dut.ccs_rtl.dut_inst.gb_inst.gbmodule_inst.gbcore_inst.GBCore_GBCoreRun_inst.large_mem_banks_load_store_for_8_GBCore_GBCoreRun_mem_array_h_ln147_assert_idx_lt_NumEntriesPerBank_and_localindexoutofbounds: Antecedent of the implication never satisfied.
"concat_sim_Top.v", 182975: sc_main.tb.dut.ccs_rtl.dut_inst.gb_inst.gbmodule_inst.gbcore_inst.GBCore_GBCoreRun_inst.large_mem_banks_load_store_for_8_GBCore_GBCoreRun_ArbitratedScratchpadDP_h_ln196_assert_bankread_req_validOS_bank_CS_eq_false_and_Bankreadandwritevalidcannotbetruesimultaneouslyforsingle_m_portRAM: Antecedent of the implication never satisfied.
"concat_sim_Top.v", 182981: sc_main.tb.dut.ccs_rtl.dut_inst.gb_inst.gbmodule_inst.gbcore_inst.GBCore_GBCoreRun_inst.large_mem_banks_load_store_for_8_GBCore_GBCoreRun_mem_array_h_ln126_assert_bank_sel_lt_NumBanks_and_bankindexoutofbounds: Antecedent of the implication never satisfied.
"concat_sim_Top.v", 182986: sc_main.tb.dut.ccs_rtl.dut_inst.gb_inst.gbmodule_inst.gbcore_inst.GBCore_GBCoreRun_inst.large_mem_banks_load_store_for_8_GBCore_GBCoreRun_mem_array_h_ln127_assert_idx_lt_NumEntriesPerBank_and_localindexoutofbounds: Antecedent of the implication never satisfied.
"concat_sim_Top.v", 182991: sc_main.tb.dut.ccs_rtl.dut_inst.gb_inst.gbmodule_inst.gbcore_inst.GBCore_GBCoreRun_inst.large_mem_banks_load_store_for_9_GBCore_GBCoreRun_mem_array_h_ln146_assert_bank_sel_lt_NumBanks_and_bankindexoutofbounds: Antecedent of the implication never satisfied.
"concat_sim_Top.v", 182997: sc_main.tb.dut.ccs_rtl.dut_inst.gb_inst.gbmodule_inst.gbcore_inst.GBCore_GBCoreRun_inst.large_mem_banks_load_store_for_9_GBCore_GBCoreRun_mem_array_h_ln147_assert_idx_lt_NumEntriesPerBank_and_localindexoutofbounds: Antecedent of the implication never satisfied.
"concat_sim_Top.v", 183002: sc_main.tb.dut.ccs_rtl.dut_inst.gb_inst.gbmodule_inst.gbcore_inst.GBCore_GBCoreRun_inst.large_mem_banks_load_store_for_9_GBCore_GBCoreRun_ArbitratedScratchpadDP_h_ln196_assert_bankread_req_validOS_bank_CS_eq_false_and_Bankreadandwritevalidcannotbetruesimultaneouslyforsingle_m_portRAM: Antecedent of the implication never satisfied.
"concat_sim_Top.v", 183008: sc_main.tb.dut.ccs_rtl.dut_inst.gb_inst.gbmodule_inst.gbcore_inst.GBCore_GBCoreRun_inst.large_mem_banks_load_store_for_9_GBCore_GBCoreRun_mem_array_h_ln126_assert_bank_sel_lt_NumBanks_and_bankindexoutofbounds: Antecedent of the implication never satisfied.
"concat_sim_Top.v", 183013: sc_main.tb.dut.ccs_rtl.dut_inst.gb_inst.gbmodule_inst.gbcore_inst.GBCore_GBCoreRun_inst.large_mem_banks_load_store_for_9_GBCore_GBCoreRun_mem_array_h_ln127_assert_idx_lt_NumEntriesPerBank_and_localindexoutofbounds: Antecedent of the implication never satisfied.
"concat_sim_Top.v", 183018: sc_main.tb.dut.ccs_rtl.dut_inst.gb_inst.gbmodule_inst.gbcore_inst.GBCore_GBCoreRun_inst.large_mem_banks_load_store_for_10_GBCore_GBCoreRun_mem_array_h_ln146_assert_bank_sel_lt_NumBanks_and_bankindexoutofbounds: Antecedent of the implication never satisfied.
"concat_sim_Top.v", 183024: sc_main.tb.dut.ccs_rtl.dut_inst.gb_inst.gbmodule_inst.gbcore_inst.GBCore_GBCoreRun_inst.large_mem_banks_load_store_for_10_GBCore_GBCoreRun_mem_array_h_ln147_assert_idx_lt_NumEntriesPerBank_and_localindexoutofbounds: Antecedent of the implication never satisfied.
"concat_sim_Top.v", 183029: sc_main.tb.dut.ccs_rtl.dut_inst.gb_inst.gbmodule_inst.gbcore_inst.GBCore_GBCoreRun_inst.large_mem_banks_load_store_for_10_GBCore_GBCoreRun_ArbitratedScratchpadDP_h_ln196_assert_bankread_req_validOS_bank_CS_eq_false_and_Bankreadandwritevalidcannotbetruesimultaneouslyforsingle_m_portRAM: Antecedent of the implication never satisfied.
"concat_sim_Top.v", 183035: sc_main.tb.dut.ccs_rtl.dut_inst.gb_inst.gbmodule_inst.gbcore_inst.GBCore_GBCoreRun_inst.large_mem_banks_load_store_for_10_GBCore_GBCoreRun_mem_array_h_ln126_assert_bank_sel_lt_NumBanks_and_bankindexoutofbounds: Antecedent of the implication never satisfied.
"concat_sim_Top.v", 183040: sc_main.tb.dut.ccs_rtl.dut_inst.gb_inst.gbmodule_inst.gbcore_inst.GBCore_GBCoreRun_inst.large_mem_banks_load_store_for_10_GBCore_GBCoreRun_mem_array_h_ln127_assert_idx_lt_NumEntriesPerBank_and_localindexoutofbounds: Antecedent of the implication never satisfied.
"concat_sim_Top.v", 183045: sc_main.tb.dut.ccs_rtl.dut_inst.gb_inst.gbmodule_inst.gbcore_inst.GBCore_GBCoreRun_inst.large_mem_banks_load_store_for_11_GBCore_GBCoreRun_mem_array_h_ln146_assert_bank_sel_lt_NumBanks_and_bankindexoutofbounds: Antecedent of the implication never satisfied.
"concat_sim_Top.v", 183051: sc_main.tb.dut.ccs_rtl.dut_inst.gb_inst.gbmodule_inst.gbcore_inst.GBCore_GBCoreRun_inst.large_mem_banks_load_store_for_11_GBCore_GBCoreRun_mem_array_h_ln147_assert_idx_lt_NumEntriesPerBank_and_localindexoutofbounds: Antecedent of the implication never satisfied.
"concat_sim_Top.v", 183056: sc_main.tb.dut.ccs_rtl.dut_inst.gb_inst.gbmodule_inst.gbcore_inst.GBCore_GBCoreRun_inst.large_mem_banks_load_store_for_11_GBCore_GBCoreRun_ArbitratedScratchpadDP_h_ln196_assert_bankread_req_validOS_bank_CS_eq_false_and_Bankreadandwritevalidcannotbetruesimultaneouslyforsingle_m_portRAM: Antecedent of the implication never satisfied.
"concat_sim_Top.v", 183062: sc_main.tb.dut.ccs_rtl.dut_inst.gb_inst.gbmodule_inst.gbcore_inst.GBCore_GBCoreRun_inst.large_mem_banks_load_store_for_11_GBCore_GBCoreRun_mem_array_h_ln126_assert_bank_sel_lt_NumBanks_and_bankindexoutofbounds: Antecedent of the implication never satisfied.
"concat_sim_Top.v", 183067: sc_main.tb.dut.ccs_rtl.dut_inst.gb_inst.gbmodule_inst.gbcore_inst.GBCore_GBCoreRun_inst.large_mem_banks_load_store_for_11_GBCore_GBCoreRun_mem_array_h_ln127_assert_idx_lt_NumEntriesPerBank_and_localindexoutofbounds: Antecedent of the implication never satisfied.
"concat_sim_Top.v", 183072: sc_main.tb.dut.ccs_rtl.dut_inst.gb_inst.gbmodule_inst.gbcore_inst.GBCore_GBCoreRun_inst.large_mem_banks_load_store_for_12_GBCore_GBCoreRun_mem_array_h_ln146_assert_bank_sel_lt_NumBanks_and_bankindexoutofbounds: Antecedent of the implication never satisfied.
"concat_sim_Top.v", 183078: sc_main.tb.dut.ccs_rtl.dut_inst.gb_inst.gbmodule_inst.gbcore_inst.GBCore_GBCoreRun_inst.large_mem_banks_load_store_for_12_GBCore_GBCoreRun_mem_array_h_ln147_assert_idx_lt_NumEntriesPerBank_and_localindexoutofbounds: Antecedent of the implication never satisfied.
"concat_sim_Top.v", 183083: sc_main.tb.dut.ccs_rtl.dut_inst.gb_inst.gbmodule_inst.gbcore_inst.GBCore_GBCoreRun_inst.large_mem_banks_load_store_for_12_GBCore_GBCoreRun_ArbitratedScratchpadDP_h_ln196_assert_bankread_req_validOS_bank_CS_eq_false_and_Bankreadandwritevalidcannotbetruesimultaneouslyforsingle_m_portRAM: Antecedent of the implication never satisfied.
"concat_sim_Top.v", 183089: sc_main.tb.dut.ccs_rtl.dut_inst.gb_inst.gbmodule_inst.gbcore_inst.GBCore_GBCoreRun_inst.large_mem_banks_load_store_for_12_GBCore_GBCoreRun_mem_array_h_ln126_assert_bank_sel_lt_NumBanks_and_bankindexoutofbounds: Antecedent of the implication never satisfied.
"concat_sim_Top.v", 183094: sc_main.tb.dut.ccs_rtl.dut_inst.gb_inst.gbmodule_inst.gbcore_inst.GBCore_GBCoreRun_inst.large_mem_banks_load_store_for_12_GBCore_GBCoreRun_mem_array_h_ln127_assert_idx_lt_NumEntriesPerBank_and_localindexoutofbounds: Antecedent of the implication never satisfied.
"concat_sim_Top.v", 183099: sc_main.tb.dut.ccs_rtl.dut_inst.gb_inst.gbmodule_inst.gbcore_inst.GBCore_GBCoreRun_inst.large_mem_banks_load_store_for_13_GBCore_GBCoreRun_mem_array_h_ln146_assert_bank_sel_lt_NumBanks_and_bankindexoutofbounds: Antecedent of the implication never satisfied.
"concat_sim_Top.v", 183105: sc_main.tb.dut.ccs_rtl.dut_inst.gb_inst.gbmodule_inst.gbcore_inst.GBCore_GBCoreRun_inst.large_mem_banks_load_store_for_13_GBCore_GBCoreRun_mem_array_h_ln147_assert_idx_lt_NumEntriesPerBank_and_localindexoutofbounds: Antecedent of the implication never satisfied.
"concat_sim_Top.v", 183110: sc_main.tb.dut.ccs_rtl.dut_inst.gb_inst.gbmodule_inst.gbcore_inst.GBCore_GBCoreRun_inst.large_mem_banks_load_store_for_13_GBCore_GBCoreRun_ArbitratedScratchpadDP_h_ln196_assert_bankread_req_validOS_bank_CS_eq_false_and_Bankreadandwritevalidcannotbetruesimultaneouslyforsingle_m_portRAM: Antecedent of the implication never satisfied.
"concat_sim_Top.v", 183116: sc_main.tb.dut.ccs_rtl.dut_inst.gb_inst.gbmodule_inst.gbcore_inst.GBCore_GBCoreRun_inst.large_mem_banks_load_store_for_13_GBCore_GBCoreRun_mem_array_h_ln126_assert_bank_sel_lt_NumBanks_and_bankindexoutofbounds: Antecedent of the implication never satisfied.
"concat_sim_Top.v", 183121: sc_main.tb.dut.ccs_rtl.dut_inst.gb_inst.gbmodule_inst.gbcore_inst.GBCore_GBCoreRun_inst.large_mem_banks_load_store_for_13_GBCore_GBCoreRun_mem_array_h_ln127_assert_idx_lt_NumEntriesPerBank_and_localindexoutofbounds: Antecedent of the implication never satisfied.
"concat_sim_Top.v", 183126: sc_main.tb.dut.ccs_rtl.dut_inst.gb_inst.gbmodule_inst.gbcore_inst.GBCore_GBCoreRun_inst.large_mem_banks_load_store_for_14_GBCore_GBCoreRun_mem_array_h_ln146_assert_bank_sel_lt_NumBanks_and_bankindexoutofbounds: Antecedent of the implication never satisfied.
"concat_sim_Top.v", 183132: sc_main.tb.dut.ccs_rtl.dut_inst.gb_inst.gbmodule_inst.gbcore_inst.GBCore_GBCoreRun_inst.large_mem_banks_load_store_for_14_GBCore_GBCoreRun_mem_array_h_ln147_assert_idx_lt_NumEntriesPerBank_and_localindexoutofbounds: Antecedent of the implication never satisfied.
"concat_sim_Top.v", 183137: sc_main.tb.dut.ccs_rtl.dut_inst.gb_inst.gbmodule_inst.gbcore_inst.GBCore_GBCoreRun_inst.large_mem_banks_load_store_for_14_GBCore_GBCoreRun_ArbitratedScratchpadDP_h_ln196_assert_bankread_req_validOS_bank_CS_eq_false_and_Bankreadandwritevalidcannotbetruesimultaneouslyforsingle_m_portRAM: Antecedent of the implication never satisfied.
"concat_sim_Top.v", 183143: sc_main.tb.dut.ccs_rtl.dut_inst.gb_inst.gbmodule_inst.gbcore_inst.GBCore_GBCoreRun_inst.large_mem_banks_load_store_for_14_GBCore_GBCoreRun_mem_array_h_ln126_assert_bank_sel_lt_NumBanks_and_bankindexoutofbounds: Antecedent of the implication never satisfied.
"concat_sim_Top.v", 183148: sc_main.tb.dut.ccs_rtl.dut_inst.gb_inst.gbmodule_inst.gbcore_inst.GBCore_GBCoreRun_inst.large_mem_banks_load_store_for_14_GBCore_GBCoreRun_mem_array_h_ln127_assert_idx_lt_NumEntriesPerBank_and_localindexoutofbounds: Antecedent of the implication never satisfied.
"concat_sim_Top.v", 183153: sc_main.tb.dut.ccs_rtl.dut_inst.gb_inst.gbmodule_inst.gbcore_inst.GBCore_GBCoreRun_inst.large_mem_banks_load_store_for_15_GBCore_GBCoreRun_mem_array_h_ln146_assert_bank_sel_lt_NumBanks_and_bankindexoutofbounds: Antecedent of the implication never satisfied.
"concat_sim_Top.v", 183159: sc_main.tb.dut.ccs_rtl.dut_inst.gb_inst.gbmodule_inst.gbcore_inst.GBCore_GBCoreRun_inst.large_mem_banks_load_store_for_15_GBCore_GBCoreRun_mem_array_h_ln147_assert_idx_lt_NumEntriesPerBank_and_localindexoutofbounds: Antecedent of the implication never satisfied.
"concat_sim_Top.v", 183164: sc_main.tb.dut.ccs_rtl.dut_inst.gb_inst.gbmodule_inst.gbcore_inst.GBCore_GBCoreRun_inst.large_mem_banks_load_store_for_15_GBCore_GBCoreRun_ArbitratedScratchpadDP_h_ln196_assert_bankread_req_validOS_bank_CS_eq_false_and_Bankreadandwritevalidcannotbetruesimultaneouslyforsingle_m_portRAM: Antecedent of the implication never satisfied.
"concat_sim_Top.v", 183170: sc_main.tb.dut.ccs_rtl.dut_inst.gb_inst.gbmodule_inst.gbcore_inst.GBCore_GBCoreRun_inst.large_mem_banks_load_store_for_15_GBCore_GBCoreRun_mem_array_h_ln126_assert_bank_sel_lt_NumBanks_and_bankindexoutofbounds: Antecedent of the implication never satisfied.
"concat_sim_Top.v", 183175: sc_main.tb.dut.ccs_rtl.dut_inst.gb_inst.gbmodule_inst.gbcore_inst.GBCore_GBCoreRun_inst.large_mem_banks_load_store_for_15_GBCore_GBCoreRun_mem_array_h_ln127_assert_idx_lt_NumEntriesPerBank_and_localindexoutofbounds: Antecedent of the implication never satisfied.
"concat_sim_Top.v", 183180: sc_main.tb.dut.ccs_rtl.dut_inst.gb_inst.gbmodule_inst.gbcore_inst.GBCore_GBCoreRun_inst.large_mem_banks_load_store_for_16_GBCore_GBCoreRun_mem_array_h_ln146_assert_bank_sel_lt_NumBanks_and_bankindexoutofbounds: Antecedent of the implication never satisfied.
"concat_sim_Top.v", 183186: sc_main.tb.dut.ccs_rtl.dut_inst.gb_inst.gbmodule_inst.gbcore_inst.GBCore_GBCoreRun_inst.large_mem_banks_load_store_for_16_GBCore_GBCoreRun_mem_array_h_ln147_assert_idx_lt_NumEntriesPerBank_and_localindexoutofbounds: Antecedent of the implication never satisfied.
"concat_sim_Top.v", 183191: sc_main.tb.dut.ccs_rtl.dut_inst.gb_inst.gbmodule_inst.gbcore_inst.GBCore_GBCoreRun_inst.large_mem_banks_load_store_for_16_GBCore_GBCoreRun_ArbitratedScratchpadDP_h_ln196_assert_bankread_req_validOS_bank_CS_eq_false_and_Bankreadandwritevalidcannotbetruesimultaneouslyforsingle_m_portRAM: Antecedent of the implication never satisfied.
"concat_sim_Top.v", 183197: sc_main.tb.dut.ccs_rtl.dut_inst.gb_inst.gbmodule_inst.gbcore_inst.GBCore_GBCoreRun_inst.large_mem_banks_load_store_for_16_GBCore_GBCoreRun_mem_array_h_ln126_assert_bank_sel_lt_NumBanks_and_bankindexoutofbounds: Antecedent of the implication never satisfied.
"concat_sim_Top.v", 183202: sc_main.tb.dut.ccs_rtl.dut_inst.gb_inst.gbmodule_inst.gbcore_inst.GBCore_GBCoreRun_inst.large_mem_banks_load_store_for_16_GBCore_GBCoreRun_mem_array_h_ln127_assert_idx_lt_NumEntriesPerBank_and_localindexoutofbounds: Antecedent of the implication never satisfied.
Simulation complete, time is 389000 ps.
sysc_skeleton.v, 391 : (*vcs_systemc_2,vcs_systemc_skel*) module sc_main;
Turning FSDB off and flushing
*Verdi* : Close all FSDB Files at 389,000 ps.
Completed writing FSDB file ./default.fsdb...
           V C S   S i m u l a t i o n   R e p o r t 
Time: 389000 ps
CPU Time:      1.260 seconds;       Data structure size:  14.9Mb
Mon Feb 23 13:45:48 2026
